[debug] [2021-03-16T04:13:56.728Z] ----------------------------------------------------------------------
[debug] [2021-03-16T04:13:56.730Z] Command:       C:\Program Files\nodejs\node.exe C:\Users\haree\AppData\Roaming\npm\node_modules\firebase-tools\lib\bin\firebase.js deploy
[debug] [2021-03-16T04:13:56.730Z] CLI Version:   9.6.1
[debug] [2021-03-16T04:13:56.730Z] Platform:      win32
[debug] [2021-03-16T04:13:56.730Z] Node Version:  v14.15.1
[debug] [2021-03-16T04:13:56.731Z] Time:          Tue Mar 16 2021 09:43:56 GMT+0530 (India Standard Time)
[debug] [2021-03-16T04:13:56.731Z] ----------------------------------------------------------------------
[debug] [2021-03-16T04:13:56.731Z] 
[debug] [2021-03-16T04:13:56.739Z] > command requires scopes: ["email","openid","https://www.googleapis.com/auth/cloudplatformprojects.readonly","https://www.googleapis.com/auth/firebase","https://www.googleapis.com/auth/cloud-platform"]
[debug] [2021-03-16T04:13:56.739Z] > authorizing via signed-in user
[debug] [2021-03-16T04:13:56.739Z] [iam] checking project comebackalums for permissions ["firebase.projects.get","firebasehosting.sites.update"]
[debug] [2021-03-16T04:13:56.741Z] >>> HTTP REQUEST POST https://cloudresourcemanager.googleapis.com/v1/projects/comebackalums:testIamPermissions  
 {"permissions":["firebase.projects.get","firebasehosting.sites.update"]}
[debug] [2021-03-16T04:13:58.371Z] <<< HTTP RESPONSE 200 {"content-type":"application/json; charset=UTF-8","vary":"X-Origin, Referer, Origin,Accept-Encoding","date":"Tue, 16 Mar 2021 04:14:11 GMT","server":"ESF","cache-control":"private","x-xss-protection":"0","x-frame-options":"SAMEORIGIN","x-content-type-options":"nosniff","server-timing":"gfet4t7; dur=1269","alt-svc":"h3-29=\":443\"; ma=2592000,h3-T051=\":443\"; ma=2592000,h3-Q050=\":443\"; ma=2592000,h3-Q046=\":443\"; ma=2592000,h3-Q043=\":443\"; ma=2592000,quic=\":443\"; ma=2592000; v=\"46,43\"","accept-ranges":"none","transfer-encoding":"chunked"}
[debug] [2021-03-16T04:13:58.373Z] > refreshing access token with scopes: []
[debug] [2021-03-16T04:13:58.373Z] >>> HTTP REQUEST POST https://www.googleapis.com/oauth2/v3/token  
 <request body omitted>
[debug] [2021-03-16T04:13:58.593Z] <<< HTTP RESPONSE 200 {"date":"Tue, 16 Mar 2021 04:14:11 GMT","pragma":"no-cache","cache-control":"no-cache, no-store, max-age=0, must-revalidate","expires":"Mon, 01 Jan 1990 00:00:00 GMT","content-type":"application/json; charset=utf-8","vary":"X-Origin, Referer, Origin,Accept-Encoding","server":"scaffolding on HTTPServer2","x-xss-protection":"0","x-frame-options":"SAMEORIGIN","x-content-type-options":"nosniff","alt-svc":"h3-29=\":443\"; ma=2592000,h3-T051=\":443\"; ma=2592000,h3-Q050=\":443\"; ma=2592000,h3-Q046=\":443\"; ma=2592000,h3-Q043=\":443\"; ma=2592000,quic=\":443\"; ma=2592000; v=\"46,43\"","accept-ranges":"none","transfer-encoding":"chunked"}
[debug] [2021-03-16T04:13:58.602Z] >>> [apiv2][query] GET https://firebase.googleapis.com/v1beta1/projects/comebackalums [none]
[debug] [2021-03-16T04:13:59.136Z] <<< [apiv2][status] GET https://firebase.googleapis.com/v1beta1/projects/comebackalums 200
[debug] [2021-03-16T04:13:59.136Z] <<< [apiv2][body] GET https://firebase.googleapis.com/v1beta1/projects/comebackalums {"projectId":"comebackalums","projectNumber":"195792291002","displayName":"ComeBackAlums","name":"projects/comebackalums","resources":{"hostingSite":"comebackalums","storageBucket":"comebackalums.appspot.com","locationId":"asia-east2"},"state":"ACTIVE"}
[info] 
[info] === Deploying to 'comebackalums'...
[info] 
[info] i  deploying hosting 
[debug] [2021-03-16T04:13:59.141Z] > refreshing access token with scopes: ["email","https://www.googleapis.com/auth/cloud-platform","https://www.googleapis.com/auth/cloudplatformprojects.readonly","https://www.googleapis.com/auth/firebase","openid"]
[debug] [2021-03-16T04:13:59.141Z] >>> HTTP REQUEST POST https://www.googleapis.com/oauth2/v3/token  
 <request body omitted>
[debug] [2021-03-16T04:13:59.390Z] <<< HTTP RESPONSE 200 {"expires":"Mon, 01 Jan 1990 00:00:00 GMT","pragma":"no-cache","cache-control":"no-cache, no-store, max-age=0, must-revalidate","date":"Tue, 16 Mar 2021 04:14:12 GMT","content-type":"application/json; charset=utf-8","vary":"X-Origin, Referer, Origin,Accept-Encoding","server":"scaffolding on HTTPServer2","x-xss-protection":"0","x-frame-options":"SAMEORIGIN","x-content-type-options":"nosniff","alt-svc":"h3-29=\":443\"; ma=2592000,h3-T051=\":443\"; ma=2592000,h3-Q050=\":443\"; ma=2592000,h3-Q046=\":443\"; ma=2592000,h3-Q043=\":443\"; ma=2592000,quic=\":443\"; ma=2592000; v=\"46,43\"","accept-ranges":"none","transfer-encoding":"chunked"}
[debug] [2021-03-16T04:13:59.395Z] >>> HTTP REQUEST POST https://firebasehosting.googleapis.com/v1beta1/sites/comebackalums/versions  
 {"config":{"rewrites":[{"glob":"**","path":"/index.html"}]},"labels":{"deployment-tool":"cli-firebase"}}
[debug] [2021-03-16T04:14:01.333Z] <<< HTTP RESPONSE 200 {"content-type":"application/json; charset=UTF-8","vary":"X-Origin, Referer, Origin,Accept-Encoding","date":"Tue, 16 Mar 2021 04:14:14 GMT","server":"ESF","cache-control":"private","x-xss-protection":"0","x-frame-options":"SAMEORIGIN","x-content-type-options":"nosniff","alt-svc":"h3-29=\":443\"; ma=2592000,h3-T051=\":443\"; ma=2592000,h3-Q050=\":443\"; ma=2592000,h3-Q046=\":443\"; ma=2592000,h3-Q043=\":443\"; ma=2592000,quic=\":443\"; ma=2592000; v=\"46,43\"","accept-ranges":"none","transfer-encoding":"chunked"}
[info] i  hosting[comebackalums]: beginning deploy... 
[info] i  hosting[comebackalums]: found 18 files in build 
[debug] [2021-03-16T04:14:01.352Z] > refreshing access token with scopes: []
[debug] [2021-03-16T04:14:01.352Z] >>> HTTP REQUEST POST https://www.googleapis.com/oauth2/v3/token  
 <request body omitted>
[debug] [2021-03-16T04:14:01.353Z] [hosting] hash cache [YnVpbGQ] stored for 18 files
[debug] [2021-03-16T04:14:01.353Z] [hosting][hash queue][FINAL] {"max":2,"min":0,"avg":0,"active":0,"complete":18,"success":18,"errored":0,"retried":0,"total":18,"elapsed":4}
[debug] [2021-03-16T04:14:01.604Z] <<< HTTP RESPONSE 200 {"cache-control":"no-cache, no-store, max-age=0, must-revalidate","date":"Tue, 16 Mar 2021 04:14:14 GMT","pragma":"no-cache","expires":"Mon, 01 Jan 1990 00:00:00 GMT","content-type":"application/json; charset=utf-8","vary":"X-Origin, Referer, Origin,Accept-Encoding","server":"scaffolding on HTTPServer2","x-xss-protection":"0","x-frame-options":"SAMEORIGIN","x-content-type-options":"nosniff","alt-svc":"h3-29=\":443\"; ma=2592000,h3-T051=\":443\"; ma=2592000,h3-Q050=\":443\"; ma=2592000,h3-Q046=\":443\"; ma=2592000,h3-Q043=\":443\"; ma=2592000,quic=\":443\"; ma=2592000; v=\"46,43\"","accept-ranges":"none","transfer-encoding":"chunked"}
[debug] [2021-03-16T04:14:01.607Z] >>> [apiv2][query] POST https://firebasehosting.googleapis.com/v1beta1/sites/comebackalums/versions/688d1a13f6b2ba0f:populateFiles [none]
[debug] [2021-03-16T04:14:01.607Z] >>> [apiv2][body] POST https://firebasehosting.googleapis.com/v1beta1/sites/comebackalums/versions/688d1a13f6b2ba0f:populateFiles {"files":{"/asset-manifest.json":"f447c6aa3e0cf5d59f22bb63d02b9d52912cc3b87713954579627b9709dadbbc","/favicon.ico":"eae62e993eb980ec8a25058c39d5a51feab118bd2100c4deebb2a9c158ec11f9","/index.html":"5c34d8c49ebf3b0112ab7d9b6b9a6fd14b0d2c8a3600e4eab3b9adb1def348e5","/logo192.png":"3ee59515172ee198f3be375979df15ac5345183e656720a381b8872b2a39dc8b","/logo512.png":"ee7e2f3fdb8209c4b6fd7bef6ba50d1b9dba30a25bb5c3126df057e1cb6f5331","/manifest.json":"aff3449bdc238776f5d6d967f19ec491b36aed5fb7f23ccff6500736fd58494a","/robots.txt":"bfe106a3fb878dc83461c86818bf74fc1bdc7f28538ba613cd3e775516ce8b49","/static/css/main.c78a98b3.chunk.css":"d48f817aaa2e03995f00b4388f9a8d54544e981743791c195552bac83faa0c23","/static/css/main.c78a98b3.chunk.css.map":"bebe04d989f1059a891b17761b255519ec3aed4c56e8be021e0ac1312fadf69c","/static/js/2.d843b62c.chunk.js":"33ed2da2858a030a0dee801e17e1b7e7cb997d580515a5552f3c986365733f73","/static/js/2.d843b62c.chunk.js.LICENSE.txt":"f6b73f27559990f6885679c9a53d5fe7de5cc7da07874d783d1bd7b820fb77c5","/static/js/2.d843b62c.chunk.js.map":"e6536bc4922ccecb1a8bdace9fc4728c6535645a0da88ae870e0c14bcd96f209","/static/js/3.015e1fbe.chunk.js":"a3f392de6ea51f153e1cd4562c0c1c040691c9da33a0298cf61d1ad5cd6d6e76","/static/js/3.015e1fbe.chunk.js.map":"abd1b328a9f3f7c9083d039191122a9a23f7b3bf78d52c8df9321e1fe1b4be90","/static/js/main.aace4929.chunk.js":"a635197e2e864d544ef49010dd2ef0e4b4e3c5242c37502a221ec14a21a252df","/static/js/main.aace4929.chunk.js.map":"55b321934fdd19e129ad53fd55007a55889c891bb216cc7321f38a8768eb4c50","/static/js/runtime-main.49c344d0.js":"abc84c93e1799b6dbc27f1d72769b2f6cbb7574dbaa02839bf610f7724e9c568","/static/js/runtime-main.49c344d0.js.map":"8cdeccd73e3c1eefae2b493eccb2dd9ee60d7650799b64957d9508d1f040341e"}}
